Copyright 1986-2017 Xilinx, Inc. All Rights Reserved.
----------------------------------------------------------------------------------------------------------------------------------------------------------------
| Tool Version     : Vivado v.2017.4 (win64) Build 2086221 Fri Dec 15 20:55:39 MST 2017
| Date             : Sat Jul  7 21:31:39 2018
| Host             : LAPTOP-GDRKMBCO running 64-bit major release  (build 9200)
| Command          : report_power -file System_wrapper_power_routed.rpt -pb System_wrapper_power_summary_routed.pb -rpx System_wrapper_power_routed.rpx
| Design           : System_wrapper
| Device           : xc7z020clg400-1
| Design State     : routed
| Grade            : commercial
| Process          : typical
| Characterization : Production
----------------------------------------------------------------------------------------------------------------------------------------------------------------

Power Report

Table of Contents
-----------------
1. Summary
1.1 On-Chip Components
1.2 Power Supply Summary
1.3 Confidence Level
2. Settings
2.1 Environment
2.2 Clock Constraints
3. Detailed Reports
3.1 By Hierarchy

1. Summary
----------

+--------------------------+--------------+
| Total On-Chip Power (W)  | 1.197        |
| Design Power Budget (W)  | Unspecified* |
| Power Budget Margin (W)  | NA           |
| Dynamic (W)              | 1.066        |
| Device Static (W)        | 0.131        |
| Effective TJA (C/W)      | 11.5         |
| Max Ambient (C)          | 71.2         |
| Junction Temperature (C) | 38.8         |
| Confidence Level         | Low          |
| Setting File             | ---          |
| Simulation Activity File | ---          |
| Design Nets Matched      | NA           |
+--------------------------+--------------+
* Specify Design Power Budget using, set_operating_conditions -design_power_budget <value in Watts>


1.1 On-Chip Components
----------------------

+-------------------------+-----------+----------+-----------+-----------------+
| On-Chip                 | Power (W) | Used     | Available | Utilization (%) |
+-------------------------+-----------+----------+-----------+-----------------+
| Clocks                  |     0.005 |        3 |       --- |             --- |
| Slice Logic             |     0.003 |     4550 |       --- |             --- |
|   LUT as Logic          |     0.002 |     1570 |     53200 |            2.95 |
|   CARRY4                |    <0.001 |      156 |     13300 |            1.17 |
|   Register              |    <0.001 |     1847 |    106400 |            1.74 |
|   F7/F8 Muxes           |    <0.001 |        6 |     53200 |            0.01 |
|   LUT as Shift Register |    <0.001 |       62 |     17400 |            0.36 |
|   Others                |     0.000 |      550 |       --- |             --- |
| Signals                 |     0.003 |     4267 |       --- |             --- |
| DSPs                    |     0.000 |       64 |       220 |           29.09 |
| I/O                     |     0.011 |       39 |       125 |           31.20 |
| PS7                     |     1.044 |        1 |       --- |             --- |
| Static Power            |     0.131 |          |           |                 |
| Total                   |     1.197 |          |           |                 |
+-------------------------+-----------+----------+-----------+-----------------+


1.2 Power Supply Summary
------------------------

+-----------+-------------+-----------+-------------+------------+
| Source    | Voltage (V) | Total (A) | Dynamic (A) | Static (A) |
+-----------+-------------+-----------+-------------+------------+
| Vccint    |       1.000 |     0.023 |       0.011 |      0.012 |
| Vccaux    |       1.800 |     0.014 |       0.000 |      0.013 |
| Vcco33    |       3.300 |     0.004 |       0.003 |      0.001 |
| Vcco25    |       2.500 |     0.000 |       0.000 |      0.000 |
| Vcco18    |       1.800 |     0.000 |       0.000 |      0.000 |
| Vcco15    |       1.500 |     0.000 |       0.000 |      0.000 |
| Vcco135   |       1.350 |     0.000 |       0.000 |      0.000 |
| Vcco12    |       1.200 |     0.000 |       0.000 |      0.000 |
| Vccaux_io |       1.800 |     0.000 |       0.000 |      0.000 |
| Vccbram   |       1.000 |     0.001 |       0.000 |      0.001 |
| MGTAVcc   |       1.000 |     0.000 |       0.000 |      0.000 |
| MGTAVtt   |       1.200 |     0.000 |       0.000 |      0.000 |
| MGTVccaux |       1.800 |     0.000 |       0.000 |      0.000 |
| Vccpint   |       1.000 |     0.761 |       0.736 |      0.025 |
| Vccpaux   |       1.800 |     0.079 |       0.069 |      0.010 |
| Vccpll    |       1.800 |     0.018 |       0.015 |      0.003 |
| Vcco_ddr  |       1.200 |     0.130 |       0.128 |      0.002 |
| Vcco_mio0 |       1.800 |     0.003 |       0.002 |      0.001 |
| Vcco_mio1 |       1.800 |     0.001 |       0.000 |      0.001 |
| Vccadc    |       1.800 |     0.020 |       0.000 |      0.020 |
+-----------+-------------+-----------+-------------+------------+


1.3 Confidence Level
--------------------

+-----------------------------+------------+--------------------------------------------------------+------------------------------------------------------------------------------------------------------------+
| User Input Data             | Confidence | Details                                                | Action                                                                                                     |
+-----------------------------+------------+--------------------------------------------------------+------------------------------------------------------------------------------------------------------------+
| Design implementation state | High       | Design is routed                                       |                                                                                                            |
| Clock nodes activity        | High       | User specified more than 95% of clocks                 |                                                                                                            |
| I/O nodes activity          | Low        | More than 75% of inputs are missing user specification | Provide missing input activity with simulation results or by editing the "By Resource Type -> I/Os" view   |
| Internal nodes activity     | Medium     | User specified less than 25% of internal nodes         | Provide missing internal nodes activity with simulation results or by editing the "By Resource Type" views |
| Device models               | High       | Device models are Production                           |                                                                                                            |
|                             |            |                                                        |                                                                                                            |
| Overall confidence level    | Low        |                                                        |                                                                                                            |
+-----------------------------+------------+--------------------------------------------------------+------------------------------------------------------------------------------------------------------------+


2. Settings
-----------

2.1 Environment
---------------

+-----------------------+------------------------+
| Ambient Temp (C)      | 25.0                   |
| ThetaJA (C/W)         | 11.5                   |
| Airflow (LFM)         | 250                    |
| Heat Sink             | none                   |
| ThetaSA (C/W)         | 0.0                    |
| Board Selection       | medium (10"x10")       |
| # of Board Layers     | 8to11 (8 to 11 Layers) |
| Board Temperature (C) | 25.0                   |
+-----------------------+------------------------+


2.2 Clock Constraints
---------------------

+------------+-----------------------------------------------------------+-----------------+
| Clock      | Domain                                                    | Constraint (ns) |
+------------+-----------------------------------------------------------+-----------------+
| clk_fpga_0 | System_i/processing_system7_0/inst/FCLK_CLK_unbuffered[0] |            20.0 |
+------------+-----------------------------------------------------------+-----------------+


3. Detailed Reports
-------------------

3.1 By Hierarchy
----------------

+-----------------------------------------------------------------------------+-----------+
| Name                                                                        | Power (W) |
+-----------------------------------------------------------------------------+-----------+
| System_wrapper                                                              |     1.066 |
|   GPIO_0_tri_iobuf_0                                                        |    <0.001 |
|   GPIO_0_tri_iobuf_1                                                        |    <0.001 |
|   GPIO_0_tri_iobuf_2                                                        |    <0.001 |
|   GPIO_0_tri_iobuf_3                                                        |    <0.001 |
|   GPIO_0_tri_iobuf_4                                                        |    <0.001 |
|   GPIO_0_tri_iobuf_5                                                        |    <0.001 |
|   GPIO_0_tri_iobuf_6                                                        |    <0.001 |
|   IIC_0_scl_iobuf                                                           |    <0.001 |
|   IIC_0_sda_iobuf                                                           |    <0.001 |
|   IIC_1_scl_iobuf                                                           |    <0.001 |
|   IIC_1_sda_iobuf                                                           |    <0.001 |
|   SDIO_1_cmd_iobuf                                                          |    <0.001 |
|   SDIO_1_data_iobuf_0                                                       |    <0.001 |
|   SDIO_1_data_iobuf_1                                                       |    <0.001 |
|   SDIO_1_data_iobuf_2                                                       |    <0.001 |
|   SDIO_1_data_iobuf_3                                                       |    <0.001 |
|   SPI_0_io0_iobuf                                                           |    <0.001 |
|   SPI_0_io1_iobuf                                                           |    <0.001 |
|   SPI_0_sck_iobuf                                                           |    <0.001 |
|   System_i                                                                  |     1.054 |
|     NN_1                                                                    |     0.001 |
|       U0                                                                    |     0.001 |
|         NN                                                                  |    <0.001 |
|           GEN_FIRST_LAYER[0].INST_ADD                                       |    <0.001 |
|             U0                                                              |    <0.001 |
|               i_synth                                                       |    <0.001 |
|                 i_synth_option.i_synth_model                                |    <0.001 |
|                   opt_7series.i_uniwrap                                     |    <0.001 |
|           GEN_FIRST_LAYER[0].INST_MULT                                      |    <0.001 |
|             U0                                                              |    <0.001 |
|               i_synth                                                       |    <0.001 |
|                 i_synth_option.i_synth_model                                |    <0.001 |
|                   i_carryin4                                                |    <0.001 |
|                   i_op4                                                     |    <0.001 |
|                   opt_7series.i_uniwrap                                     |    <0.001 |
|           GEN_FIRST_LAYER[0].INST_MULT_ADD                                  |    <0.001 |
|             U0                                                              |    <0.001 |
|               i_synth                                                       |    <0.001 |
|                 i_synth_option.i_synth_model                                |    <0.001 |
|                   i_a2                                                      |    <0.001 |
|                   opt_7series.i_uniwrap                                     |    <0.001 |
|           GEN_FIRST_LAYER[0].INST_MULT_ADD_BIAS                             |    <0.001 |
|             U0                                                              |    <0.001 |
|               i_synth                                                       |    <0.001 |
|                 i_synth_option.i_synth_model                                |    <0.001 |
|                   i_a2                                                      |    <0.001 |
|                   opt_7series.i_uniwrap                                     |    <0.001 |
|           GEN_FIRST_LAYER[1].INST_ADD                                       |    <0.001 |
|             U0                                                              |    <0.001 |
|               i_synth                                                       |    <0.001 |
|                 i_synth_option.i_synth_model                                |    <0.001 |
|                   opt_7series.i_uniwrap                                     |    <0.001 |
|           GEN_FIRST_LAYER[1].INST_MULT                                      |    <0.001 |
|             U0                                                              |    <0.001 |
|               i_synth                                                       |    <0.001 |
|                 i_synth_option.i_synth_model                                |    <0.001 |
|                   i_carryin4                                                |    <0.001 |
|                   i_op4                                                     |    <0.001 |
|                   opt_7series.i_uniwrap                                     |    <0.001 |
|           GEN_FIRST_LAYER[1].INST_MULT_ADD                                  |    <0.001 |
|             U0                                                              |    <0.001 |
|               i_synth                                                       |    <0.001 |
|                 i_synth_option.i_synth_model                                |    <0.001 |
|                   i_a2                                                      |    <0.001 |
|                   opt_7series.i_uniwrap                                     |    <0.001 |
|           GEN_FIRST_LAYER[1].INST_MULT_ADD_BIAS                             |    <0.001 |
|             U0                                                              |    <0.001 |
|               i_synth                                                       |    <0.001 |
|                 i_synth_option.i_synth_model                                |    <0.001 |
|                   i_a2                                                      |    <0.001 |
|                   opt_7series.i_uniwrap                                     |    <0.001 |
|           GEN_FIRST_LAYER[2].INST_ADD                                       |    <0.001 |
|             U0                                                              |    <0.001 |
|               i_synth                                                       |    <0.001 |
|                 i_synth_option.i_synth_model                                |    <0.001 |
|                   opt_7series.i_uniwrap                                     |    <0.001 |
|           GEN_FIRST_LAYER[2].INST_MULT                                      |    <0.001 |
|             U0                                                              |    <0.001 |
|               i_synth                                                       |    <0.001 |
|                 i_synth_option.i_synth_model                                |    <0.001 |
|                   i_carryin4                                                |    <0.001 |
|                   i_op4                                                     |    <0.001 |
|                   opt_7series.i_uniwrap                                     |    <0.001 |
|           GEN_FIRST_LAYER[2].INST_MULT_ADD                                  |    <0.001 |
|             U0                                                              |    <0.001 |
|               i_synth                                                       |    <0.001 |
|                 i_synth_option.i_synth_model                                |    <0.001 |
|                   i_a2                                                      |    <0.001 |
|                   opt_7series.i_uniwrap                                     |    <0.001 |
|           GEN_FIRST_LAYER[2].INST_MULT_ADD_BIAS                             |    <0.001 |
|             U0                                                              |    <0.001 |
|               i_synth                                                       |    <0.001 |
|                 i_synth_option.i_synth_model                                |    <0.001 |
|                   i_a2                                                      |    <0.001 |
|                   opt_7series.i_uniwrap                                     |    <0.001 |
|           GEN_FIRST_LAYER[3].INST_ADD                                       |    <0.001 |
|             U0                                                              |    <0.001 |
|               i_synth                                                       |    <0.001 |
|                 i_synth_option.i_synth_model                                |    <0.001 |
|                   opt_7series.i_uniwrap                                     |    <0.001 |
|           GEN_FIRST_LAYER[3].INST_MULT                                      |    <0.001 |
|             U0                                                              |    <0.001 |
|               i_synth                                                       |    <0.001 |
|                 i_synth_option.i_synth_model                                |    <0.001 |
|                   i_carryin4                                                |    <0.001 |
|                   i_op4                                                     |    <0.001 |
|                   opt_7series.i_uniwrap                                     |    <0.001 |
|           GEN_FIRST_LAYER[3].INST_MULT_ADD                                  |    <0.001 |
|             U0                                                              |    <0.001 |
|               i_synth                                                       |    <0.001 |
|                 i_synth_option.i_synth_model                                |    <0.001 |
|                   i_a2                                                      |    <0.001 |
|                   opt_7series.i_uniwrap                                     |    <0.001 |
|           GEN_FIRST_LAYER[3].INST_MULT_ADD_BIAS                             |    <0.001 |
|             U0                                                              |    <0.001 |
|               i_synth                                                       |    <0.001 |
|                 i_synth_option.i_synth_model                                |    <0.001 |
|                   i_a2                                                      |    <0.001 |
|                   opt_7series.i_uniwrap                                     |    <0.001 |
|           GEN_FIRST_LAYER[4].INST_ADD                                       |    <0.001 |
|             U0                                                              |    <0.001 |
|               i_synth                                                       |    <0.001 |
|                 i_synth_option.i_synth_model                                |    <0.001 |
|                   opt_7series.i_uniwrap                                     |    <0.001 |
|           GEN_FIRST_LAYER[4].INST_MULT                                      |    <0.001 |
|             U0                                                              |    <0.001 |
|               i_synth                                                       |    <0.001 |
|                 i_synth_option.i_synth_model                                |    <0.001 |
|                   i_carryin4                                                |    <0.001 |
|                   i_op4                                                     |    <0.001 |
|                   opt_7series.i_uniwrap                                     |    <0.001 |
|           GEN_FIRST_LAYER[4].INST_MULT_ADD                                  |    <0.001 |
|             U0                                                              |    <0.001 |
|               i_synth                                                       |    <0.001 |
|                 i_synth_option.i_synth_model                                |    <0.001 |
|                   i_a2                                                      |    <0.001 |
|                   opt_7series.i_uniwrap                                     |    <0.001 |
|           GEN_FIRST_LAYER[4].INST_MULT_ADD_BIAS                             |    <0.001 |
|             U0                                                              |    <0.001 |
|               i_synth                                                       |    <0.001 |
|                 i_synth_option.i_synth_model                                |    <0.001 |
|                   i_a2                                                      |    <0.001 |
|                   opt_7series.i_uniwrap                                     |    <0.001 |
|           GEN_FIRST_LAYER[5].INST_ADD                                       |    <0.001 |
|             U0                                                              |    <0.001 |
|               i_synth                                                       |    <0.001 |
|                 i_synth_option.i_synth_model                                |    <0.001 |
|                   opt_7series.i_uniwrap                                     |    <0.001 |
|           GEN_FIRST_LAYER[5].INST_MULT                                      |    <0.001 |
|             U0                                                              |    <0.001 |
|               i_synth                                                       |    <0.001 |
|                 i_synth_option.i_synth_model                                |    <0.001 |
|                   i_carryin4                                                |    <0.001 |
|                   i_op4                                                     |    <0.001 |
|                   opt_7series.i_uniwrap                                     |    <0.001 |
|           GEN_FIRST_LAYER[5].INST_MULT_ADD                                  |    <0.001 |
|             U0                                                              |    <0.001 |
|               i_synth                                                       |    <0.001 |
|                 i_synth_option.i_synth_model                                |    <0.001 |
|                   i_a2                                                      |    <0.001 |
|                   opt_7series.i_uniwrap                                     |    <0.001 |
|           GEN_FIRST_LAYER[5].INST_MULT_ADD_BIAS                             |    <0.001 |
|             U0                                                              |    <0.001 |
|               i_synth                                                       |    <0.001 |
|                 i_synth_option.i_synth_model                                |    <0.001 |
|                   i_a2                                                      |    <0.001 |
|                   opt_7series.i_uniwrap                                     |    <0.001 |
|           GEN_FIRST_LAYER[6].INST_ADD                                       |    <0.001 |
|             U0                                                              |    <0.001 |
|               i_synth                                                       |    <0.001 |
|                 i_synth_option.i_synth_model                                |    <0.001 |
|                   opt_7series.i_uniwrap                                     |    <0.001 |
|           GEN_FIRST_LAYER[6].INST_MULT                                      |    <0.001 |
|             U0                                                              |    <0.001 |
|               i_synth                                                       |    <0.001 |
|                 i_synth_option.i_synth_model                                |    <0.001 |
|                   i_carryin4                                                |    <0.001 |
|                   i_op4                                                     |    <0.001 |
|                   opt_7series.i_uniwrap                                     |    <0.001 |
|           GEN_FIRST_LAYER[6].INST_MULT_ADD                                  |    <0.001 |
|             U0                                                              |    <0.001 |
|               i_synth                                                       |    <0.001 |
|                 i_synth_option.i_synth_model                                |    <0.001 |
|                   i_a2                                                      |    <0.001 |
|                   opt_7series.i_uniwrap                                     |    <0.001 |
|           GEN_FIRST_LAYER[6].INST_MULT_ADD_BIAS                             |    <0.001 |
|             U0                                                              |    <0.001 |
|               i_synth                                                       |    <0.001 |
|                 i_synth_option.i_synth_model                                |    <0.001 |
|                   i_a2                                                      |    <0.001 |
|                   opt_7series.i_uniwrap                                     |    <0.001 |
|           GEN_FIRST_LAYER[7].INST_ADD                                       |    <0.001 |
|             U0                                                              |    <0.001 |
|               i_synth                                                       |    <0.001 |
|                 i_synth_option.i_synth_model                                |    <0.001 |
|                   opt_7series.i_uniwrap                                     |    <0.001 |
|           GEN_FIRST_LAYER[7].INST_MULT                                      |    <0.001 |
|             U0                                                              |    <0.001 |
|               i_synth                                                       |    <0.001 |
|                 i_synth_option.i_synth_model                                |    <0.001 |
|                   i_carryin4                                                |    <0.001 |
|                   i_op4                                                     |    <0.001 |
|                   opt_7series.i_uniwrap                                     |    <0.001 |
|           GEN_FIRST_LAYER[7].INST_MULT_ADD                                  |    <0.001 |
|             U0                                                              |    <0.001 |
|               i_synth                                                       |    <0.001 |
|                 i_synth_option.i_synth_model                                |    <0.001 |
|                   i_a2                                                      |    <0.001 |
|                   opt_7series.i_uniwrap                                     |    <0.001 |
|           GEN_FIRST_LAYER[7].INST_MULT_ADD_BIAS                             |    <0.001 |
|             U0                                                              |    <0.001 |
|               i_synth                                                       |    <0.001 |
|                 i_synth_option.i_synth_model                                |    <0.001 |
|                   i_a2                                                      |    <0.001 |
|                   opt_7series.i_uniwrap                                     |    <0.001 |
|           GEN_SECOND_LAYER[0].GEN_MULT_ADD[0].INST_INVERSION_ADD_j          |    <0.001 |
|             U0                                                              |    <0.001 |
|               i_synth                                                       |    <0.001 |
|                 i_synth_option.i_synth_model                                |    <0.001 |
|                   opt_7series.i_uniwrap                                     |    <0.001 |
|           GEN_SECOND_LAYER[0].GEN_MULT_ADD[1].INST_INVERSION_ADD_j          |    <0.001 |
|             U0                                                              |    <0.001 |
|               i_synth                                                       |    <0.001 |
|                 i_synth_option.i_synth_model                                |    <0.001 |
|                   opt_7series.i_uniwrap                                     |    <0.001 |
|           GEN_SECOND_LAYER[0].GEN_MULT_ADD[2].INST_INVERSION_ADD_j          |    <0.001 |
|             U0                                                              |    <0.001 |
|               i_synth                                                       |    <0.001 |
|                 i_synth_option.i_synth_model                                |    <0.001 |
|                   opt_7series.i_uniwrap                                     |    <0.001 |
|           GEN_SECOND_LAYER[0].GEN_MULT_ADD[3].INST_INVERSION_ADD_j          |    <0.001 |
|             U0                                                              |    <0.001 |
|               i_synth                                                       |    <0.001 |
|                 i_synth_option.i_synth_model                                |    <0.001 |
|                   opt_7series.i_uniwrap                                     |    <0.001 |
|           GEN_SECOND_LAYER[0].INST_FIRST_ADD_BOTTOM_NEURONS_i               |    <0.001 |
|             U0                                                              |    <0.001 |
|               i_synth                                                       |    <0.001 |
|                 i_synth_option.i_synth_model                                |    <0.001 |
|                   opt_7series.i_uniwrap                                     |    <0.001 |
|           GEN_SECOND_LAYER[0].INST_FIRST_ADD_TOP_NEURONS_i                  |    <0.001 |
|             U0                                                              |    <0.001 |
|               i_synth                                                       |    <0.001 |
|                 i_synth_option.i_synth_model                                |    <0.001 |
|                   opt_7series.i_uniwrap                                     |    <0.001 |
|           GEN_SECOND_LAYER[0].INST_SECOND_ADD_i                             |    <0.001 |
|             U0                                                              |    <0.001 |
|               i_synth                                                       |    <0.001 |
|                 i_synth_option.i_synth_model                                |    <0.001 |
|                   opt_7series.i_uniwrap                                     |    <0.001 |
|           GEN_SECOND_LAYER[0].INST_THIRD_ADD_i                              |    <0.001 |
|             U0                                                              |    <0.001 |
|               i_synth                                                       |    <0.001 |
|                 i_synth_option.i_synth_model                                |    <0.001 |
|                   opt_7series.i_uniwrap                                     |    <0.001 |
|           GEN_SECOND_LAYER[1].GEN_MULT_ADD[0].INST_INVERSION_ADD_j          |    <0.001 |
|             U0                                                              |    <0.001 |
|               i_synth                                                       |    <0.001 |
|                 i_synth_option.i_synth_model                                |    <0.001 |
|                   opt_7series.i_uniwrap                                     |    <0.001 |
|           GEN_SECOND_LAYER[1].GEN_MULT_ADD[1].INST_INVERSION_ADD_j          |    <0.001 |
|             U0                                                              |    <0.001 |
|               i_synth                                                       |    <0.001 |
|                 i_synth_option.i_synth_model                                |    <0.001 |
|                   opt_7series.i_uniwrap                                     |    <0.001 |
|           GEN_SECOND_LAYER[1].GEN_MULT_ADD[2].INST_INVERSION_ADD_j          |    <0.001 |
|             U0                                                              |    <0.001 |
|               i_synth                                                       |    <0.001 |
|                 i_synth_option.i_synth_model                                |    <0.001 |
|                   opt_7series.i_uniwrap                                     |    <0.001 |
|           GEN_SECOND_LAYER[1].GEN_MULT_ADD[3].INST_INVERSION_ADD_j          |    <0.001 |
|             U0                                                              |    <0.001 |
|               i_synth                                                       |    <0.001 |
|                 i_synth_option.i_synth_model                                |    <0.001 |
|                   opt_7series.i_uniwrap                                     |    <0.001 |
|           GEN_SECOND_LAYER[1].INST_FIRST_ADD_BOTTOM_NEURONS_i               |    <0.001 |
|             U0                                                              |    <0.001 |
|               i_synth                                                       |    <0.001 |
|                 i_synth_option.i_synth_model                                |    <0.001 |
|                   opt_7series.i_uniwrap                                     |    <0.001 |
|           GEN_SECOND_LAYER[1].INST_FIRST_ADD_TOP_NEURONS_i                  |    <0.001 |
|             U0                                                              |    <0.001 |
|               i_synth                                                       |    <0.001 |
|                 i_synth_option.i_synth_model                                |    <0.001 |
|                   opt_7series.i_uniwrap                                     |    <0.001 |
|           GEN_SECOND_LAYER[1].INST_SECOND_ADD_i                             |    <0.001 |
|             U0                                                              |    <0.001 |
|               i_synth                                                       |    <0.001 |
|                 i_synth_option.i_synth_model                                |    <0.001 |
|                   opt_7series.i_uniwrap                                     |    <0.001 |
|           GEN_SECOND_LAYER[1].INST_THIRD_ADD_i                              |    <0.001 |
|             U0                                                              |    <0.001 |
|               i_synth                                                       |    <0.001 |
|                 i_synth_option.i_synth_model                                |    <0.001 |
|                   opt_7series.i_uniwrap                                     |    <0.001 |
|           GEN_SECOND_LAYER[2].GEN_MULT_ADD[0].INST_INVERSION_ADD_j          |    <0.001 |
|             U0                                                              |    <0.001 |
|               i_synth                                                       |    <0.001 |
|                 i_synth_option.i_synth_model                                |    <0.001 |
|                   opt_7series.i_uniwrap                                     |    <0.001 |
|           GEN_SECOND_LAYER[2].GEN_MULT_ADD[1].INST_INVERSION_ADD_j          |    <0.001 |
|             U0                                                              |    <0.001 |
|               i_synth                                                       |    <0.001 |
|                 i_synth_option.i_synth_model                                |    <0.001 |
|                   opt_7series.i_uniwrap                                     |    <0.001 |
|           GEN_SECOND_LAYER[2].GEN_MULT_ADD[2].INST_INVERSION_ADD_j          |    <0.001 |
|             U0                                                              |    <0.001 |
|               i_synth                                                       |    <0.001 |
|                 i_synth_option.i_synth_model                                |    <0.001 |
|                   opt_7series.i_uniwrap                                     |    <0.001 |
|           GEN_SECOND_LAYER[2].GEN_MULT_ADD[3].INST_INVERSION_ADD_j          |    <0.001 |
|             U0                                                              |    <0.001 |
|               i_synth                                                       |    <0.001 |
|                 i_synth_option.i_synth_model                                |    <0.001 |
|                   opt_7series.i_uniwrap                                     |    <0.001 |
|           GEN_SECOND_LAYER[2].INST_FIRST_ADD_BOTTOM_NEURONS_i               |    <0.001 |
|             U0                                                              |    <0.001 |
|               i_synth                                                       |    <0.001 |
|                 i_synth_option.i_synth_model                                |    <0.001 |
|                   opt_7series.i_uniwrap                                     |    <0.001 |
|           GEN_SECOND_LAYER[2].INST_FIRST_ADD_TOP_NEURONS_i                  |    <0.001 |
|             U0                                                              |    <0.001 |
|               i_synth                                                       |    <0.001 |
|                 i_synth_option.i_synth_model                                |    <0.001 |
|                   opt_7series.i_uniwrap                                     |    <0.001 |
|           GEN_SECOND_LAYER[2].INST_SECOND_ADD_i                             |    <0.001 |
|             U0                                                              |    <0.001 |
|               i_synth                                                       |    <0.001 |
|                 i_synth_option.i_synth_model                                |    <0.001 |
|                   opt_7series.i_uniwrap                                     |    <0.001 |
|           GEN_SECOND_LAYER[2].INST_THIRD_ADD_i                              |    <0.001 |
|             U0                                                              |    <0.001 |
|               i_synth                                                       |    <0.001 |
|                 i_synth_option.i_synth_model                                |    <0.001 |
|                   opt_7series.i_uniwrap                                     |    <0.001 |
|           GEN_SECOND_LAYER[3].GEN_MULT_ADD[0].INST_INVERSION_ADD_j          |    <0.001 |
|             U0                                                              |    <0.001 |
|               i_synth                                                       |    <0.001 |
|                 i_synth_option.i_synth_model                                |    <0.001 |
|                   opt_7series.i_uniwrap                                     |    <0.001 |
|           GEN_SECOND_LAYER[3].GEN_MULT_ADD[1].INST_INVERSION_ADD_j          |    <0.001 |
|             U0                                                              |    <0.001 |
|               i_synth                                                       |    <0.001 |
|                 i_synth_option.i_synth_model                                |    <0.001 |
|                   opt_7series.i_uniwrap                                     |    <0.001 |
|           GEN_SECOND_LAYER[3].GEN_MULT_ADD[2].INST_INVERSION_ADD_j          |    <0.001 |
|             U0                                                              |    <0.001 |
|               i_synth                                                       |    <0.001 |
|                 i_synth_option.i_synth_model                                |    <0.001 |
|                   opt_7series.i_uniwrap                                     |    <0.001 |
|           GEN_SECOND_LAYER[3].GEN_MULT_ADD[3].INST_INVERSION_ADD_j          |    <0.001 |
|             U0                                                              |    <0.001 |
|               i_synth                                                       |    <0.001 |
|                 i_synth_option.i_synth_model                                |    <0.001 |
|                   opt_7series.i_uniwrap                                     |    <0.001 |
|           GEN_SECOND_LAYER[3].INST_FIRST_ADD_BOTTOM_NEURONS_i               |    <0.001 |
|             U0                                                              |    <0.001 |
|               i_synth                                                       |    <0.001 |
|                 i_synth_option.i_synth_model                                |    <0.001 |
|                   opt_7series.i_uniwrap                                     |    <0.001 |
|           GEN_SECOND_LAYER[3].INST_FIRST_ADD_TOP_NEURONS_i                  |    <0.001 |
|             U0                                                              |    <0.001 |
|               i_synth                                                       |    <0.001 |
|                 i_synth_option.i_synth_model                                |    <0.001 |
|                   opt_7series.i_uniwrap                                     |    <0.001 |
|           GEN_SECOND_LAYER[3].INST_SECOND_ADD_i                             |    <0.001 |
|             U0                                                              |    <0.001 |
|               i_synth                                                       |    <0.001 |
|                 i_synth_option.i_synth_model                                |    <0.001 |
|                   opt_7series.i_uniwrap                                     |    <0.001 |
|           GEN_SECOND_LAYER[3].INST_THIRD_ADD_i                              |    <0.001 |
|             U0                                                              |    <0.001 |
|               i_synth                                                       |    <0.001 |
|                 i_synth_option.i_synth_model                                |    <0.001 |
|                   opt_7series.i_uniwrap                                     |    <0.001 |
|         NN_v1_0_S0_AXI_inst                                                 |    <0.001 |
|         NN_v1_0_S_AXI_INTR_inst                                             |    <0.001 |
|     axi_timer_0                                                             |     0.002 |
|       U0                                                                    |     0.002 |
|         AXI4_LITE_I                                                         |    <0.001 |
|           I_SLAVE_ATTACHMENT                                                |    <0.001 |
|             I_DECODER                                                       |    <0.001 |
|               MEM_DECODE_GEN[0].PER_CE_GEN[0].MULTIPLE_CES_THIS_CS_GEN.CE_I |     0.000 |
|               MEM_DECODE_GEN[0].PER_CE_GEN[2].MULTIPLE_CES_THIS_CS_GEN.CE_I |     0.000 |
|               MEM_DECODE_GEN[0].PER_CE_GEN[4].MULTIPLE_CES_THIS_CS_GEN.CE_I |     0.000 |
|               MEM_DECODE_GEN[0].PER_CE_GEN[5].MULTIPLE_CES_THIS_CS_GEN.CE_I |     0.000 |
|               MEM_DECODE_GEN[0].PER_CE_GEN[6].MULTIPLE_CES_THIS_CS_GEN.CE_I |     0.000 |
|               MEM_DECODE_GEN[0].PER_CE_GEN[7].MULTIPLE_CES_THIS_CS_GEN.CE_I |     0.000 |
|         TC_CORE_I                                                           |     0.002 |
|           COUNTER_0_I                                                       |    <0.001 |
|             COUNTER_I                                                       |    <0.001 |
|           GEN_SECOND_TIMER.COUNTER_1_I                                      |    <0.001 |
|             COUNTER_I                                                       |    <0.001 |
|           READ_MUX_I                                                        |     0.000 |
|           TIMER_CONTROL_I                                                   |    <0.001 |
|             INPUT_DOUBLE_REGS                                               |    <0.001 |
|             INPUT_DOUBLE_REGS2                                              |    <0.001 |
|             INPUT_DOUBLE_REGS3                                              |    <0.001 |
|     axi_timer_1                                                             |     0.002 |
|       U0                                                                    |     0.002 |
|         AXI4_LITE_I                                                         |    <0.001 |
|           I_SLAVE_ATTACHMENT                                                |    <0.001 |
|             I_DECODER                                                       |    <0.001 |
|               MEM_DECODE_GEN[0].PER_CE_GEN[0].MULTIPLE_CES_THIS_CS_GEN.CE_I |     0.000 |
|               MEM_DECODE_GEN[0].PER_CE_GEN[2].MULTIPLE_CES_THIS_CS_GEN.CE_I |     0.000 |
|               MEM_DECODE_GEN[0].PER_CE_GEN[4].MULTIPLE_CES_THIS_CS_GEN.CE_I |     0.000 |
|               MEM_DECODE_GEN[0].PER_CE_GEN[5].MULTIPLE_CES_THIS_CS_GEN.CE_I |     0.000 |
|               MEM_DECODE_GEN[0].PER_CE_GEN[6].MULTIPLE_CES_THIS_CS_GEN.CE_I |     0.000 |
|               MEM_DECODE_GEN[0].PER_CE_GEN[7].MULTIPLE_CES_THIS_CS_GEN.CE_I |     0.000 |
|         TC_CORE_I                                                           |     0.002 |
|           COUNTER_0_I                                                       |    <0.001 |
|             COUNTER_I                                                       |    <0.001 |
|           GEN_SECOND_TIMER.COUNTER_1_I                                      |    <0.001 |
|             COUNTER_I                                                       |    <0.001 |
|           READ_MUX_I                                                        |     0.000 |
|           TIMER_CONTROL_I                                                   |    <0.001 |
|             INPUT_DOUBLE_REGS                                               |    <0.001 |
|             INPUT_DOUBLE_REGS2                                              |    <0.001 |
|             INPUT_DOUBLE_REGS3                                              |    <0.001 |
|     axi_timer_2                                                             |     0.002 |
|       U0                                                                    |     0.002 |
|         AXI4_LITE_I                                                         |    <0.001 |
|           I_SLAVE_ATTACHMENT                                                |    <0.001 |
|             I_DECODER                                                       |    <0.001 |
|               MEM_DECODE_GEN[0].PER_CE_GEN[0].MULTIPLE_CES_THIS_CS_GEN.CE_I |     0.000 |
|               MEM_DECODE_GEN[0].PER_CE_GEN[2].MULTIPLE_CES_THIS_CS_GEN.CE_I |     0.000 |
|               MEM_DECODE_GEN[0].PER_CE_GEN[4].MULTIPLE_CES_THIS_CS_GEN.CE_I |     0.000 |
|               MEM_DECODE_GEN[0].PER_CE_GEN[5].MULTIPLE_CES_THIS_CS_GEN.CE_I |     0.000 |
|               MEM_DECODE_GEN[0].PER_CE_GEN[6].MULTIPLE_CES_THIS_CS_GEN.CE_I |     0.000 |
|               MEM_DECODE_GEN[0].PER_CE_GEN[7].MULTIPLE_CES_THIS_CS_GEN.CE_I |     0.000 |
|         TC_CORE_I                                                           |     0.002 |
|           COUNTER_0_I                                                       |    <0.001 |
|             COUNTER_I                                                       |    <0.001 |
|           GEN_SECOND_TIMER.COUNTER_1_I                                      |    <0.001 |
|             COUNTER_I                                                       |    <0.001 |
|           READ_MUX_I                                                        |     0.000 |
|           TIMER_CONTROL_I                                                   |    <0.001 |
|             INPUT_DOUBLE_REGS                                               |    <0.001 |
|             INPUT_DOUBLE_REGS2                                              |    <0.001 |
|             INPUT_DOUBLE_REGS3                                              |    <0.001 |
|     processing_system7_0                                                    |     1.044 |
|       inst                                                                  |     1.044 |
|     ps7_0_axi_periph                                                        |     0.003 |
|       s00_couplers                                                          |     0.002 |
|         auto_pc                                                             |     0.002 |
|           inst                                                              |     0.002 |
|             gen_axilite.gen_b2s_conv.axilite_b2s                            |     0.002 |
|               RD.ar_channel_0                                               |    <0.001 |
|                 ar_cmd_fsm_0                                                |    <0.001 |
|                 cmd_translator_0                                            |    <0.001 |
|                   incr_cmd_0                                                |    <0.001 |
|                   wrap_cmd_0                                                |    <0.001 |
|               RD.r_channel_0                                                |    <0.001 |
|                 rd_data_fifo_0                                              |    <0.001 |
|                 transaction_fifo_0                                          |    <0.001 |
|               SI_REG                                                        |    <0.001 |
|                 ar.ar_pipe                                                  |    <0.001 |
|                 aw.aw_pipe                                                  |    <0.001 |
|                 b.b_pipe                                                    |    <0.001 |
|                 r.r_pipe                                                    |    <0.001 |
|               WR.aw_channel_0                                               |    <0.001 |
|                 aw_cmd_fsm_0                                                |    <0.001 |
|                 cmd_translator_0                                            |    <0.001 |
|                   incr_cmd_0                                                |    <0.001 |
|                   wrap_cmd_0                                                |    <0.001 |
|               WR.b_channel_0                                                |    <0.001 |
|                 bid_fifo_0                                                  |    <0.001 |
|                 bresp_fifo_0                                                |    <0.001 |
|       xbar                                                                  |    <0.001 |
|         inst                                                                |    <0.001 |
|           gen_sasd.crossbar_sasd_0                                          |    <0.001 |
|             addr_arbiter_inst                                               |    <0.001 |
|             gen_decerr.decerr_slave_inst                                    |    <0.001 |
|             reg_slice_r                                                     |    <0.001 |
|             splitter_ar                                                     |    <0.001 |
|             splitter_aw                                                     |    <0.001 |
|     rst_ps7_0_49M                                                           |    <0.001 |
|       U0                                                                    |    <0.001 |
|         EXT_LPF                                                             |    <0.001 |
|           ACTIVE_LOW_AUX.ACT_LO_AUX                                         |    <0.001 |
|           ACTIVE_LOW_EXT.ACT_LO_EXT                                         |    <0.001 |
|         SEQ                                                                 |    <0.001 |
|           SEQ_COUNTER                                                       |    <0.001 |
|     xlconcat_0                                                              |     0.000 |
|     xlconstant_0                                                            |     0.000 |
+-----------------------------------------------------------------------------+-----------+


