Copyright 1986-2017 Xilinx, Inc. All Rights Reserved.
-------------------------------------------------------------------------------------------
| Tool Version : Vivado v.2017.4 (win64) Build 2086221 Fri Dec 15 20:55:39 MST 2017
| Date         : Sat Jul  7 21:30:44 2018
| Host         : LAPTOP-GDRKMBCO running 64-bit major release  (build 9200)
| Command      : report_control_sets -verbose -file System_wrapper_control_sets_placed.rpt
| Design       : System_wrapper
| Device       : xc7z020
-------------------------------------------------------------------------------------------

Control Set Information

Table of Contents
-----------------
1. Summary
2. Flip-Flop Distribution
3. Detailed Control Set Information

1. Summary
----------

+----------------------------------------------------------+-------+
|                          Status                          | Count |
+----------------------------------------------------------+-------+
| Number of unique control sets                            |   102 |
| Unused register locations in slices containing registers |   257 |
+----------------------------------------------------------+-------+


2. Flip-Flop Distribution
-------------------------

+--------------+-----------------------+------------------------+-----------------+--------------+
| Clock Enable | Synchronous Set/Reset | Asynchronous Set/Reset | Total Registers | Total Slices |
+--------------+-----------------------+------------------------+-----------------+--------------+
| No           | No                    | No                     |             424 |          133 |
| No           | No                    | Yes                    |               0 |            0 |
| No           | Yes                   | No                     |             208 |           82 |
| Yes          | No                    | No                     |             431 |           95 |
| Yes          | No                    | Yes                    |               0 |            0 |
| Yes          | Yes                   | No                     |             784 |          294 |
+--------------+-----------------------+------------------------+-----------------+--------------+


3. Detailed Control Set Information
-----------------------------------

+-----------------------------------------------+--------------------------------------------------------------------------------------------------------------------------------------------------------------+----------------------------------------------------------------------------------------------------------------------------------------+------------------+----------------+
|                  Clock Signal                 |                                                                         Enable Signal                                                                        |                                                            Set/Reset Signal                                                            | Slice Load Count | Bel Load Count |
+-----------------------------------------------+--------------------------------------------------------------------------------------------------------------------------------------------------------------+----------------------------------------------------------------------------------------------------------------------------------------+------------------+----------------+
|  System_i/processing_system7_0/inst/FCLK_CLK0 |                                                                                                                                                              | System_i/axi_timer_2/U0/TC_CORE_I/TIMER_CONTROL_I/READ_DONE1_I_i_1_n_0                                                                 |                1 |              1 |
|  System_i/processing_system7_0/inst/FCLK_CLK0 |                                                                                                                                                              | System_i/axi_timer_0/U0/TC_CORE_I/TIMER_CONTROL_I/READ_DONE1_I_i_1_n_0                                                                 |                1 |              1 |
|  System_i/processing_system7_0/inst/FCLK_CLK0 |                                                                                                                                                              | System_i/axi_timer_1/U0/AXI4_LITE_I/I_SLAVE_ATTACHMENT/I_DECODER/TCSR1_GENERATE[23].TCSR1_FF_I                                         |                1 |              1 |
|  System_i/processing_system7_0/inst/FCLK_CLK0 |                                                                                                                                                              | System_i/axi_timer_1/U0/AXI4_LITE_I/I_SLAVE_ATTACHMENT/I_DECODER/TCSR0_GENERATE[23].TCSR0_FF_I_1                                       |                1 |              1 |
|  System_i/processing_system7_0/inst/FCLK_CLK0 |                                                                                                                                                              | System_i/axi_timer_1/U0/TC_CORE_I/TIMER_CONTROL_I/READ_DONE1_I_i_1_n_0                                                                 |                1 |              1 |
|  System_i/processing_system7_0/inst/FCLK_CLK0 |                                                                                                                                                              | System_i/axi_timer_1/U0/TC_CORE_I/TIMER_CONTROL_I/R_0                                                                                  |                1 |              1 |
|  System_i/processing_system7_0/inst/FCLK_CLK0 |                                                                                                                                                              | System_i/axi_timer_0/U0/TC_CORE_I/TIMER_CONTROL_I/R_0                                                                                  |                1 |              1 |
|  System_i/processing_system7_0/inst/FCLK_CLK0 |                                                                                                                                                              | System_i/axi_timer_0/U0/AXI4_LITE_I/I_SLAVE_ATTACHMENT/I_DECODER/TCSR0_GENERATE[23].TCSR0_FF_I_1                                       |                1 |              1 |
|  System_i/processing_system7_0/inst/FCLK_CLK0 |                                                                                                                                                              | System_i/axi_timer_0/U0/AXI4_LITE_I/I_SLAVE_ATTACHMENT/I_DECODER/TCSR1_GENERATE[23].TCSR1_FF_I                                         |                1 |              1 |
|  System_i/processing_system7_0/inst/FCLK_CLK0 |                                                                                                                                                              | System_i/axi_timer_2/U0/TC_CORE_I/TIMER_CONTROL_I/R_0                                                                                  |                1 |              1 |
|  System_i/processing_system7_0/inst/FCLK_CLK0 |                                                                                                                                                              | System_i/axi_timer_2/U0/AXI4_LITE_I/I_SLAVE_ATTACHMENT/I_DECODER/TCSR0_GENERATE[23].TCSR0_FF_I_1                                       |                1 |              1 |
|  System_i/processing_system7_0/inst/FCLK_CLK0 |                                                                                                                                                              | System_i/axi_timer_2/U0/AXI4_LITE_I/I_SLAVE_ATTACHMENT/I_DECODER/TCSR1_GENERATE[23].TCSR1_FF_I                                         |                1 |              1 |
|  System_i/processing_system7_0/inst/FCLK_CLK0 | System_i/ps7_0_axi_periph/s00_couplers/auto_pc/inst/gen_axilite.gen_b2s_conv.axilite_b2s/WR.b_channel_0/bid_fifo_0/bresp_push                                |                                                                                                                                        |                1 |              2 |
|  System_i/processing_system7_0/inst/FCLK_CLK0 |                                                                                                                                                              | System_i/ps7_0_axi_periph/xbar/inst/gen_sasd.crossbar_sasd_0/addr_arbiter_inst/s_arvalid_reg                                           |                1 |              2 |
|  System_i/processing_system7_0/inst/FCLK_CLK0 | System_i/ps7_0_axi_periph/xbar/inst/gen_sasd.crossbar_sasd_0/addr_arbiter_inst/m_grant_enc_i                                                                 | System_i/ps7_0_axi_periph/xbar/inst/gen_sasd.crossbar_sasd_0/addr_arbiter_inst/SR[0]                                                   |                1 |              3 |
|  System_i/processing_system7_0/inst/FCLK_CLK0 | System_i/ps7_0_axi_periph/s00_couplers/auto_pc/inst/gen_axilite.gen_b2s_conv.axilite_b2s/RD.ar_channel_0/ar_cmd_fsm_0/axlen_cnt_reg[4][0]                    | System_i/ps7_0_axi_periph/s00_couplers/auto_pc/inst/gen_axilite.gen_b2s_conv.axilite_b2s/RD.ar_channel_0/ar_cmd_fsm_0/axlen_cnt_reg[7] |                1 |              4 |
|  System_i/processing_system7_0/inst/FCLK_CLK0 |                                                                                                                                                              | System_i/NN_1/U0/NN_v1_0_S_AXI_INTR_inst/gen_intr_reg[0].reg_intr_sts[0]_i_1_n_0                                                       |                2 |              4 |
|  System_i/processing_system7_0/inst/FCLK_CLK0 | System_i/axi_timer_1/U0/AXI4_LITE_I/I_SLAVE_ATTACHMENT/bus2ip_addr_i[4]_i_1_n_0                                                                              | System_i/axi_timer_1/U0/AXI4_LITE_I/I_SLAVE_ATTACHMENT/rst                                                                             |                1 |              4 |
|  System_i/processing_system7_0/inst/FCLK_CLK0 | System_i/axi_timer_2/U0/AXI4_LITE_I/I_SLAVE_ATTACHMENT/bus2ip_addr_i[4]_i_1_n_0                                                                              | System_i/axi_timer_2/U0/AXI4_LITE_I/I_SLAVE_ATTACHMENT/rst                                                                             |                1 |              4 |
|  System_i/processing_system7_0/inst/FCLK_CLK0 | System_i/ps7_0_axi_periph/s00_couplers/auto_pc/inst/gen_axilite.gen_b2s_conv.axilite_b2s/WR.aw_channel_0/aw_cmd_fsm_0/E[0]                                   | System_i/ps7_0_axi_periph/s00_couplers/auto_pc/inst/gen_axilite.gen_b2s_conv.axilite_b2s/WR.aw_channel_0/aw_cmd_fsm_0/axlen_cnt_reg[7] |                1 |              4 |
|  System_i/processing_system7_0/inst/FCLK_CLK0 | System_i/axi_timer_0/U0/AXI4_LITE_I/I_SLAVE_ATTACHMENT/bus2ip_addr_i[4]_i_1_n_0                                                                              | System_i/axi_timer_0/U0/AXI4_LITE_I/I_SLAVE_ATTACHMENT/rst                                                                             |                1 |              4 |
|  System_i/processing_system7_0/inst/FCLK_CLK0 | System_i/NN_1/U0/NN_v1_0_S_AXI_INTR_inst/sel                                                                                                                 | System_i/NN_1/U0/NN_v1_0_S_AXI_INTR_inst/axi_awready_i_1__0_n_0                                                                        |                1 |              4 |
|  System_i/processing_system7_0/inst/FCLK_CLK0 | System_i/axi_timer_0/U0/AXI4_LITE_I/I_SLAVE_ATTACHMENT/I_DECODER/pair0_Select                                                                                | System_i/axi_timer_0/U0/TC_CORE_I/GEN_SECOND_TIMER.COUNTER_1_I/COUNTER_I/INFERRED_GEN.icount_out_reg[31]_0                             |                2 |              4 |
|  System_i/processing_system7_0/inst/FCLK_CLK0 |                                                                                                                                                              | System_i/ps7_0_axi_periph/s00_couplers/auto_pc/inst/gen_axilite.gen_b2s_conv.axilite_b2s/SI_REG/ar.ar_pipe/m_valid_i_reg_0             |                2 |              4 |
|  System_i/processing_system7_0/inst/FCLK_CLK0 |                                                                                                                                                              | System_i/ps7_0_axi_periph/s00_couplers/auto_pc/inst/gen_axilite.gen_b2s_conv.axilite_b2s/SI_REG/aw.aw_pipe/s_ready_i_reg_0             |                3 |              4 |
|  System_i/processing_system7_0/inst/FCLK_CLK0 | System_i/axi_timer_1/U0/AXI4_LITE_I/I_SLAVE_ATTACHMENT/I_DECODER/pair0_Select                                                                                | System_i/axi_timer_1/U0/TC_CORE_I/GEN_SECOND_TIMER.COUNTER_1_I/COUNTER_I/INFERRED_GEN.icount_out_reg[31]_0                             |                2 |              4 |
|  System_i/processing_system7_0/inst/FCLK_CLK0 | System_i/axi_timer_2/U0/AXI4_LITE_I/I_SLAVE_ATTACHMENT/I_DECODER/pair0_Select                                                                                | System_i/axi_timer_2/U0/TC_CORE_I/GEN_SECOND_TIMER.COUNTER_1_I/COUNTER_I/INFERRED_GEN.icount_out_reg[31]_0                             |                2 |              4 |
|  System_i/processing_system7_0/inst/FCLK_CLK0 |                                                                                                                                                              | System_i/rst_ps7_0_49M/U0/EXT_LPF/lpf_int                                                                                              |                2 |              5 |
|  System_i/processing_system7_0/inst/FCLK_CLK0 |                                                                                                                                                              | System_i/axi_timer_0/U0/AXI4_LITE_I/I_SLAVE_ATTACHMENT/clear                                                                           |                2 |              6 |
|  System_i/processing_system7_0/inst/FCLK_CLK0 |                                                                                                                                                              | System_i/axi_timer_2/U0/AXI4_LITE_I/I_SLAVE_ATTACHMENT/clear                                                                           |                2 |              6 |
|  System_i/processing_system7_0/inst/FCLK_CLK0 | System_i/rst_ps7_0_49M/U0/SEQ/seq_cnt_en                                                                                                                     | System_i/rst_ps7_0_49M/U0/SEQ/SEQ_COUNTER/clear                                                                                        |                1 |              6 |
|  System_i/processing_system7_0/inst/FCLK_CLK0 |                                                                                                                                                              | System_i/axi_timer_1/U0/AXI4_LITE_I/I_SLAVE_ATTACHMENT/clear                                                                           |                2 |              6 |
|  System_i/processing_system7_0/inst/FCLK_CLK0 | System_i/axi_timer_2/U0/AXI4_LITE_I/I_SLAVE_ATTACHMENT/start2                                                                                                | System_i/axi_timer_2/U0/AXI4_LITE_I/I_SLAVE_ATTACHMENT/I_DECODER/cs_ce_clr                                                             |                2 |              7 |
|  System_i/processing_system7_0/inst/FCLK_CLK0 | System_i/axi_timer_0/U0/AXI4_LITE_I/I_SLAVE_ATTACHMENT/start2                                                                                                | System_i/axi_timer_0/U0/AXI4_LITE_I/I_SLAVE_ATTACHMENT/I_DECODER/cs_ce_clr                                                             |                2 |              7 |
|  System_i/processing_system7_0/inst/FCLK_CLK0 | System_i/axi_timer_1/U0/AXI4_LITE_I/I_SLAVE_ATTACHMENT/start2                                                                                                | System_i/axi_timer_1/U0/AXI4_LITE_I/I_SLAVE_ATTACHMENT/I_DECODER/cs_ce_clr                                                             |                2 |              7 |
|  System_i/processing_system7_0/inst/FCLK_CLK0 |                                                                                                                                                              | System_i/axi_timer_0/U0/AXI4_LITE_I/I_SLAVE_ATTACHMENT/rst                                                                             |                3 |              7 |
|  System_i/processing_system7_0/inst/FCLK_CLK0 |                                                                                                                                                              | System_i/axi_timer_1/U0/AXI4_LITE_I/I_SLAVE_ATTACHMENT/rst                                                                             |                3 |              7 |
|  System_i/processing_system7_0/inst/FCLK_CLK0 |                                                                                                                                                              | System_i/axi_timer_2/U0/AXI4_LITE_I/I_SLAVE_ATTACHMENT/rst                                                                             |                4 |              7 |
|  System_i/processing_system7_0/inst/FCLK_CLK0 | System_i/NN_1/U0/NN_v1_0_S0_AXI_inst/slv_reg2[7]_i_1_n_0                                                                                                     | System_i/NN_1/U0/NN_v1_0_S0_AXI_inst/p_0_in                                                                                            |                2 |              8 |
|  System_i/processing_system7_0/inst/FCLK_CLK0 | System_i/NN_1/U0/NN_v1_0_S0_AXI_inst/slv_reg2[15]_i_1_n_0                                                                                                    | System_i/NN_1/U0/NN_v1_0_S0_AXI_inst/p_0_in                                                                                            |                4 |              8 |
|  System_i/processing_system7_0/inst/FCLK_CLK0 | System_i/NN_1/U0/NN_v1_0_S0_AXI_inst/slv_reg2[23]_i_1_n_0                                                                                                    | System_i/NN_1/U0/NN_v1_0_S0_AXI_inst/p_0_in                                                                                            |                3 |              8 |
|  System_i/processing_system7_0/inst/FCLK_CLK0 | System_i/NN_1/U0/NN_v1_0_S0_AXI_inst/slv_reg1[23]_i_1_n_0                                                                                                    | System_i/NN_1/U0/NN_v1_0_S0_AXI_inst/p_0_in                                                                                            |                3 |              8 |
|  System_i/processing_system7_0/inst/FCLK_CLK0 | System_i/NN_1/U0/NN_v1_0_S0_AXI_inst/slv_reg1[31]_i_1_n_0                                                                                                    | System_i/NN_1/U0/NN_v1_0_S0_AXI_inst/p_0_in                                                                                            |                1 |              8 |
|  System_i/processing_system7_0/inst/FCLK_CLK0 | System_i/NN_1/U0/NN_v1_0_S0_AXI_inst/slv_reg1[7]_i_1_n_0                                                                                                     | System_i/NN_1/U0/NN_v1_0_S0_AXI_inst/p_0_in                                                                                            |                2 |              8 |
|  System_i/processing_system7_0/inst/FCLK_CLK0 | System_i/NN_1/U0/NN_v1_0_S0_AXI_inst/slv_reg1[15]_i_1_n_0                                                                                                    | System_i/NN_1/U0/NN_v1_0_S0_AXI_inst/p_0_in                                                                                            |                3 |              8 |
|  System_i/processing_system7_0/inst/FCLK_CLK0 | System_i/axi_timer_0/U0/AXI4_LITE_I/I_SLAVE_ATTACHMENT/I_DECODER/bus2ip_wrce[0]                                                                              | System_i/axi_timer_0/U0/TC_CORE_I/GEN_SECOND_TIMER.COUNTER_1_I/COUNTER_I/INFERRED_GEN.icount_out_reg[31]_0                             |                3 |              8 |
|  System_i/processing_system7_0/inst/FCLK_CLK0 | System_i/NN_1/U0/NN_v1_0_S0_AXI_inst/slv_reg2[31]_i_1_n_0                                                                                                    | System_i/NN_1/U0/NN_v1_0_S0_AXI_inst/p_0_in                                                                                            |                2 |              8 |
|  System_i/processing_system7_0/inst/FCLK_CLK0 | System_i/axi_timer_2/U0/AXI4_LITE_I/I_SLAVE_ATTACHMENT/I_DECODER/bus2ip_wrce[0]                                                                              | System_i/axi_timer_2/U0/TC_CORE_I/GEN_SECOND_TIMER.COUNTER_1_I/COUNTER_I/INFERRED_GEN.icount_out_reg[31]_0                             |                2 |              8 |
|  System_i/processing_system7_0/inst/FCLK_CLK0 | System_i/ps7_0_axi_periph/s00_couplers/auto_pc/inst/gen_axilite.gen_b2s_conv.axilite_b2s/WR.b_channel_0/mhandshake_r                                         | System_i/ps7_0_axi_periph/s00_couplers/auto_pc/inst/gen_axilite.gen_b2s_conv.axilite_b2s/WR.b_channel_0/bid_fifo_0/SR[0]               |                3 |              8 |
|  System_i/processing_system7_0/inst/FCLK_CLK0 | System_i/NN_1/U0/NN_v1_0_S0_AXI_inst/p_1_in[31]                                                                                                              | System_i/NN_1/U0/NN_v1_0_S0_AXI_inst/p_0_in                                                                                            |                1 |              8 |
|  System_i/processing_system7_0/inst/FCLK_CLK0 | System_i/axi_timer_1/U0/AXI4_LITE_I/I_SLAVE_ATTACHMENT/I_DECODER/bus2ip_wrce[0]                                                                              | System_i/axi_timer_1/U0/TC_CORE_I/GEN_SECOND_TIMER.COUNTER_1_I/COUNTER_I/INFERRED_GEN.icount_out_reg[31]_0                             |                3 |              8 |
|  System_i/processing_system7_0/inst/FCLK_CLK0 | System_i/ps7_0_axi_periph/s00_couplers/auto_pc/inst/gen_axilite.gen_b2s_conv.axilite_b2s/RD.ar_channel_0/ar_cmd_fsm_0/E[0]                                   |                                                                                                                                        |                5 |              8 |
|  System_i/processing_system7_0/inst/FCLK_CLK0 | System_i/ps7_0_axi_periph/s00_couplers/auto_pc/inst/gen_axilite.gen_b2s_conv.axilite_b2s/RD.ar_channel_0/ar_cmd_fsm_0/axaddr_incr_reg[0][0]                  |                                                                                                                                        |                2 |              8 |
|  System_i/processing_system7_0/inst/FCLK_CLK0 | System_i/NN_1/U0/NN_v1_0_S0_AXI_inst/p_1_in[15]                                                                                                              | System_i/NN_1/U0/NN_v1_0_S0_AXI_inst/p_0_in                                                                                            |                2 |              8 |
|  System_i/processing_system7_0/inst/FCLK_CLK0 | System_i/NN_1/U0/NN_v1_0_S0_AXI_inst/p_1_in[7]                                                                                                               | System_i/NN_1/U0/NN_v1_0_S0_AXI_inst/p_0_in                                                                                            |                2 |              8 |
|  System_i/processing_system7_0/inst/FCLK_CLK0 | System_i/NN_1/U0/NN_v1_0_S0_AXI_inst/p_1_in[23]                                                                                                              | System_i/NN_1/U0/NN_v1_0_S0_AXI_inst/p_0_in                                                                                            |                4 |              8 |
|  System_i/processing_system7_0/inst/FCLK_CLK0 | System_i/ps7_0_axi_periph/s00_couplers/auto_pc/inst/gen_axilite.gen_b2s_conv.axilite_b2s/WR.aw_channel_0/aw_cmd_fsm_0/wrap_boundary_axaddr_r_reg[0][0]       |                                                                                                                                        |                3 |              8 |
|  System_i/processing_system7_0/inst/FCLK_CLK0 | System_i/ps7_0_axi_periph/s00_couplers/auto_pc/inst/gen_axilite.gen_b2s_conv.axilite_b2s/WR.aw_channel_0/cmd_translator_0/incr_cmd_0/axaddr_incr[11]_i_1_n_0 |                                                                                                                                        |                3 |              8 |
|  System_i/processing_system7_0/inst/FCLK_CLK0 | System_i/axi_timer_2/U0/AXI4_LITE_I/I_SLAVE_ATTACHMENT/I_DECODER/bus2ip_wrce[1]                                                                              | System_i/axi_timer_2/U0/TC_CORE_I/GEN_SECOND_TIMER.COUNTER_1_I/COUNTER_I/INFERRED_GEN.icount_out_reg[31]_0                             |                3 |              9 |
|  System_i/processing_system7_0/inst/FCLK_CLK0 | System_i/axi_timer_1/U0/AXI4_LITE_I/I_SLAVE_ATTACHMENT/I_DECODER/bus2ip_wrce[1]                                                                              | System_i/axi_timer_1/U0/TC_CORE_I/GEN_SECOND_TIMER.COUNTER_1_I/COUNTER_I/INFERRED_GEN.icount_out_reg[31]_0                             |                4 |              9 |
|  System_i/processing_system7_0/inst/FCLK_CLK0 | System_i/axi_timer_0/U0/AXI4_LITE_I/I_SLAVE_ATTACHMENT/I_DECODER/bus2ip_wrce[1]                                                                              | System_i/axi_timer_0/U0/TC_CORE_I/GEN_SECOND_TIMER.COUNTER_1_I/COUNTER_I/INFERRED_GEN.icount_out_reg[31]_0                             |                4 |              9 |
|  System_i/processing_system7_0/inst/FCLK_CLK0 |                                                                                                                                                              | System_i/NN_1/U0/NN_v1_0_S0_AXI_inst/p_0_in                                                                                            |                5 |             11 |
|  System_i/processing_system7_0/inst/FCLK_CLK0 |                                                                                                                                                              | System_i/axi_timer_0/U0/TC_CORE_I/GEN_SECOND_TIMER.COUNTER_1_I/COUNTER_I/INFERRED_GEN.icount_out_reg[31]_0                             |                6 |             12 |
|  System_i/processing_system7_0/inst/FCLK_CLK0 |                                                                                                                                                              | System_i/axi_timer_1/U0/TC_CORE_I/GEN_SECOND_TIMER.COUNTER_1_I/COUNTER_I/INFERRED_GEN.icount_out_reg[31]_0                             |                3 |             12 |
|  System_i/processing_system7_0/inst/FCLK_CLK0 |                                                                                                                                                              | System_i/axi_timer_2/U0/TC_CORE_I/GEN_SECOND_TIMER.COUNTER_1_I/COUNTER_I/INFERRED_GEN.icount_out_reg[31]_0                             |                4 |             12 |
|  System_i/processing_system7_0/inst/FCLK_CLK0 | System_i/ps7_0_axi_periph/s00_couplers/auto_pc/inst/gen_axilite.gen_b2s_conv.axilite_b2s/RD.r_channel_0/r_push_r                                             |                                                                                                                                        |                4 |             13 |
|  System_i/processing_system7_0/inst/FCLK_CLK0 | System_i/ps7_0_axi_periph/s00_couplers/auto_pc/inst/gen_axilite.gen_b2s_conv.axilite_b2s/SI_REG/b.b_pipe/p_1_in                                              |                                                                                                                                        |                2 |             14 |
|  System_i/processing_system7_0/inst/FCLK_CLK0 | System_i/ps7_0_axi_periph/s00_couplers/auto_pc/inst/gen_axilite.gen_b2s_conv.axilite_b2s/SI_REG/b.b_pipe/skid_buffer_reg[0]_0                                |                                                                                                                                        |                3 |             14 |
|  System_i/processing_system7_0/inst/FCLK_CLK0 |                                                                                                                                                              | System_i/ps7_0_axi_periph/xbar/inst/gen_sasd.crossbar_sasd_0/addr_arbiter_inst/SR[0]                                                   |                6 |             15 |
|  System_i/processing_system7_0/inst/FCLK_CLK0 | System_i/ps7_0_axi_periph/s00_couplers/auto_pc/inst/gen_axilite.gen_b2s_conv.axilite_b2s/WR.aw_channel_0/aw_cmd_fsm_0/b_push                                 |                                                                                                                                        |                3 |             16 |
|  System_i/processing_system7_0/inst/FCLK_CLK0 | System_i/ps7_0_axi_periph/s00_couplers/auto_pc/inst/gen_axilite.gen_b2s_conv.axilite_b2s/RD.ar_channel_0/ar_cmd_fsm_0/axlen_cnt_reg[4][0]                    |                                                                                                                                        |                7 |             17 |
|  System_i/processing_system7_0/inst/FCLK_CLK0 |                                                                                                                                                              | System_i/NN_1/U0/NN_v1_0_S_AXI_INTR_inst/axi_awready_i_1__0_n_0                                                                        |                7 |             17 |
|  System_i/processing_system7_0/inst/FCLK_CLK0 | System_i/ps7_0_axi_periph/s00_couplers/auto_pc/inst/gen_axilite.gen_b2s_conv.axilite_b2s/WR.aw_channel_0/aw_cmd_fsm_0/E[0]                                   |                                                                                                                                        |                7 |             17 |
|  System_i/processing_system7_0/inst/FCLK_CLK0 | System_i/ps7_0_axi_periph/xbar/inst/gen_sasd.crossbar_sasd_0/addr_arbiter_inst/p_0_in                                                                        | System_i/ps7_0_axi_periph/xbar/inst/gen_sasd.crossbar_sasd_0/addr_arbiter_inst/SR[0]                                                   |                7 |             19 |
|  System_i/processing_system7_0/inst/FCLK_CLK0 | System_i/axi_timer_2/U0/TC_CORE_I/TIMER_CONTROL_I/INPUT_DOUBLE_REGS3/INFERRED_GEN.icount_out_reg[0]_0                                                        | System_i/axi_timer_2/U0/TC_CORE_I/GEN_SECOND_TIMER.COUNTER_1_I/COUNTER_I/INFERRED_GEN.icount_out_reg[31]_0                             |                5 |             32 |
|  System_i/processing_system7_0/inst/FCLK_CLK0 | System_i/axi_timer_2/U0/TC_CORE_I/TIMER_CONTROL_I/LOAD_REG_GEN[24].LOAD_REG_I                                                                                | System_i/axi_timer_2/U0/TC_CORE_I/GEN_SECOND_TIMER.COUNTER_1_I/COUNTER_I/INFERRED_GEN.icount_out_reg[31]_0                             |               10 |             32 |
|  System_i/processing_system7_0/inst/FCLK_CLK0 | System_i/axi_timer_2/U0/TC_CORE_I/TIMER_CONTROL_I/LOAD_REG_GEN[24].LOAD_REG_I_0                                                                              | System_i/axi_timer_2/U0/TC_CORE_I/GEN_SECOND_TIMER.COUNTER_1_I/COUNTER_I/INFERRED_GEN.icount_out_reg[31]_0                             |                9 |             32 |
|  System_i/processing_system7_0/inst/FCLK_CLK0 | System_i/axi_timer_1/U0/AXI4_LITE_I/I_SLAVE_ATTACHMENT/s_axi_rdata_i[31]_i_1_n_0                                                                             | System_i/axi_timer_1/U0/AXI4_LITE_I/I_SLAVE_ATTACHMENT/rst                                                                             |               32 |             32 |
|  System_i/processing_system7_0/inst/FCLK_CLK0 | System_i/ps7_0_axi_periph/xbar/inst/gen_sasd.crossbar_sasd_0/reg_slice_r/aa_rready                                                                           |                                                                                                                                        |                9 |             32 |
|  System_i/processing_system7_0/inst/FCLK_CLK0 | System_i/axi_timer_0/U0/AXI4_LITE_I/I_SLAVE_ATTACHMENT/s_axi_rdata_i[31]_i_1_n_0                                                                             | System_i/axi_timer_0/U0/AXI4_LITE_I/I_SLAVE_ATTACHMENT/rst                                                                             |               32 |             32 |
|  System_i/processing_system7_0/inst/FCLK_CLK0 | System_i/axi_timer_0/U0/TC_CORE_I/TIMER_CONTROL_I/INPUT_DOUBLE_REGS3/INFERRED_GEN.icount_out_reg[0]                                                          | System_i/axi_timer_0/U0/TC_CORE_I/GEN_SECOND_TIMER.COUNTER_1_I/COUNTER_I/INFERRED_GEN.icount_out_reg[31]_0                             |                7 |             32 |
|  System_i/processing_system7_0/inst/FCLK_CLK0 | System_i/axi_timer_0/U0/TC_CORE_I/TIMER_CONTROL_I/INPUT_DOUBLE_REGS3/INFERRED_GEN.icount_out_reg[0]_0                                                        | System_i/axi_timer_0/U0/TC_CORE_I/GEN_SECOND_TIMER.COUNTER_1_I/COUNTER_I/INFERRED_GEN.icount_out_reg[31]_0                             |                4 |             32 |
|  System_i/processing_system7_0/inst/FCLK_CLK0 | System_i/axi_timer_1/U0/TC_CORE_I/TIMER_CONTROL_I/LOAD_REG_GEN[24].LOAD_REG_I_0                                                                              | System_i/axi_timer_1/U0/TC_CORE_I/GEN_SECOND_TIMER.COUNTER_1_I/COUNTER_I/INFERRED_GEN.icount_out_reg[31]_0                             |               11 |             32 |
|  System_i/processing_system7_0/inst/FCLK_CLK0 | System_i/axi_timer_0/U0/TC_CORE_I/TIMER_CONTROL_I/LOAD_REG_GEN[24].LOAD_REG_I                                                                                | System_i/axi_timer_0/U0/TC_CORE_I/GEN_SECOND_TIMER.COUNTER_1_I/COUNTER_I/INFERRED_GEN.icount_out_reg[31]_0                             |               11 |             32 |
|  System_i/processing_system7_0/inst/FCLK_CLK0 | System_i/axi_timer_0/U0/TC_CORE_I/TIMER_CONTROL_I/LOAD_REG_GEN[24].LOAD_REG_I_0                                                                              | System_i/axi_timer_0/U0/TC_CORE_I/GEN_SECOND_TIMER.COUNTER_1_I/COUNTER_I/INFERRED_GEN.icount_out_reg[31]_0                             |               10 |             32 |
|  System_i/processing_system7_0/inst/FCLK_CLK0 | System_i/axi_timer_2/U0/AXI4_LITE_I/I_SLAVE_ATTACHMENT/s_axi_rdata_i[31]_i_1_n_0                                                                             | System_i/axi_timer_2/U0/AXI4_LITE_I/I_SLAVE_ATTACHMENT/rst                                                                             |               32 |             32 |
|  System_i/processing_system7_0/inst/FCLK_CLK0 | System_i/NN_1/U0/NN_v1_0_S0_AXI_inst/axi_rdata[31]_i_1_n_0                                                                                                   | System_i/NN_1/U0/NN_v1_0_S0_AXI_inst/p_0_in                                                                                            |               17 |             32 |
|  System_i/processing_system7_0/inst/FCLK_CLK0 | System_i/axi_timer_1/U0/TC_CORE_I/TIMER_CONTROL_I/LOAD_REG_GEN[24].LOAD_REG_I                                                                                | System_i/axi_timer_1/U0/TC_CORE_I/GEN_SECOND_TIMER.COUNTER_1_I/COUNTER_I/INFERRED_GEN.icount_out_reg[31]_0                             |               10 |             32 |
|  System_i/processing_system7_0/inst/FCLK_CLK0 | System_i/NN_1/U0/NN_v1_0_S0_AXI_inst/slv_reg4[31]_i_2_n_0                                                                                                    | System_i/NN_1/U0/NN_v1_0_S0_AXI_inst/slv_reg4[31]_i_1_n_0                                                                              |               10 |             32 |
|  System_i/processing_system7_0/inst/FCLK_CLK0 | System_i/axi_timer_1/U0/TC_CORE_I/TIMER_CONTROL_I/INPUT_DOUBLE_REGS3/INFERRED_GEN.icount_out_reg[0]_0                                                        | System_i/axi_timer_1/U0/TC_CORE_I/GEN_SECOND_TIMER.COUNTER_1_I/COUNTER_I/INFERRED_GEN.icount_out_reg[31]_0                             |                6 |             32 |
|  System_i/processing_system7_0/inst/FCLK_CLK0 | System_i/axi_timer_1/U0/TC_CORE_I/TIMER_CONTROL_I/INPUT_DOUBLE_REGS3/INFERRED_GEN.icount_out_reg[0]                                                          | System_i/axi_timer_1/U0/TC_CORE_I/GEN_SECOND_TIMER.COUNTER_1_I/COUNTER_I/INFERRED_GEN.icount_out_reg[31]_0                             |                5 |             32 |
|  System_i/processing_system7_0/inst/FCLK_CLK0 | System_i/axi_timer_2/U0/TC_CORE_I/TIMER_CONTROL_I/INPUT_DOUBLE_REGS3/INFERRED_GEN.icount_out_reg[0]                                                          | System_i/axi_timer_2/U0/TC_CORE_I/GEN_SECOND_TIMER.COUNTER_1_I/COUNTER_I/INFERRED_GEN.icount_out_reg[31]_0                             |                5 |             32 |
|  System_i/processing_system7_0/inst/FCLK_CLK0 | System_i/ps7_0_axi_periph/s00_couplers/auto_pc/inst/gen_axilite.gen_b2s_conv.axilite_b2s/RD.r_channel_0/rd_data_fifo_0/wr_en0                                |                                                                                                                                        |               10 |             34 |
|  System_i/processing_system7_0/inst/FCLK_CLK0 | System_i/ps7_0_axi_periph/xbar/inst/gen_sasd.crossbar_sasd_0/addr_arbiter_inst/E[0]                                                                          |                                                                                                                                        |                8 |             35 |
|  System_i/processing_system7_0/inst/FCLK_CLK0 | System_i/ps7_0_axi_periph/s00_couplers/auto_pc/inst/gen_axilite.gen_b2s_conv.axilite_b2s/SI_REG/ar.ar_pipe/s_axi_arready                                     |                                                                                                                                        |                7 |             44 |
|  System_i/processing_system7_0/inst/FCLK_CLK0 | System_i/ps7_0_axi_periph/s00_couplers/auto_pc/inst/gen_axilite.gen_b2s_conv.axilite_b2s/SI_REG/aw.aw_pipe/s_axi_awready                                     |                                                                                                                                        |                9 |             44 |
|  System_i/processing_system7_0/inst/FCLK_CLK0 | System_i/ps7_0_axi_periph/s00_couplers/auto_pc/inst/gen_axilite.gen_b2s_conv.axilite_b2s/RD.ar_channel_0/ar_cmd_fsm_0/m_payload_i_reg[0]_1[0]                |                                                                                                                                        |                7 |             44 |
|  System_i/processing_system7_0/inst/FCLK_CLK0 | System_i/ps7_0_axi_periph/s00_couplers/auto_pc/inst/gen_axilite.gen_b2s_conv.axilite_b2s/WR.aw_channel_0/aw_cmd_fsm_0/m_payload_i_reg[0][0]                  |                                                                                                                                        |                9 |             44 |
|  System_i/processing_system7_0/inst/FCLK_CLK0 | System_i/ps7_0_axi_periph/s00_couplers/auto_pc/inst/gen_axilite.gen_b2s_conv.axilite_b2s/SI_REG/r.r_pipe/p_1_in                                              |                                                                                                                                        |                7 |             47 |
|  System_i/processing_system7_0/inst/FCLK_CLK0 | System_i/ps7_0_axi_periph/s00_couplers/auto_pc/inst/gen_axilite.gen_b2s_conv.axilite_b2s/SI_REG/r.r_pipe/skid_buffer_reg[0]_0                                |                                                                                                                                        |                7 |             47 |
|  System_i/processing_system7_0/inst/FCLK_CLK0 |                                                                                                                                                              | System_i/ps7_0_axi_periph/s00_couplers/auto_pc/inst/gen_axilite.gen_b2s_conv.axilite_b2s/areset_d1                                     |               13 |             59 |
|  System_i/processing_system7_0/inst/FCLK_CLK0 |                                                                                                                                                              |                                                                                                                                        |              134 |            425 |
+-----------------------------------------------+--------------------------------------------------------------------------------------------------------------------------------------------------------------+----------------------------------------------------------------------------------------------------------------------------------------+------------------+----------------+


+--------+-----------------------+
| Fanout | Number of ControlSets |
+--------+-----------------------+
| 1      |                    12 |
| 2      |                     2 |
| 3      |                     1 |
| 4      |                    12 |
| 5      |                     1 |
| 6      |                     4 |
| 7      |                     6 |
| 8      |                    20 |
| 9      |                     3 |
| 11     |                     1 |
| 12     |                     3 |
| 13     |                     1 |
| 14     |                     2 |
| 15     |                     1 |
| 16+    |                    33 |
+--------+-----------------------+


