#-----------------------------------------------------------
# Webtalk v2017.4 (64-bit)
# SW Build 2086221 on Fri Dec 15 20:55:39 MST 2017
# 
# Start of session at: Tue Jul  3 16:25:09 2018
# Process ID: 9596
# Current directory: C:/Users/Chinook-ELE/ZynqWorkspace/SensTel2_emio_NNip/nn_ip_addition/rtos_emio_port_NN_rev4_but_after_rev5/webtalk
# Command line: wbtcv.exe -mode batch -source sdk_webtalk.tcl
# Log file: C:/Users/Chinook-ELE/ZynqWorkspace/SensTel2_emio_NNip/nn_ip_addition/rtos_emio_port_NN_rev4_but_after_rev5/webtalk/webtalk.log
# Journal file: C:/Users/Chinook-ELE/ZynqWorkspace/SensTel2_emio_NNip/nn_ip_addition/rtos_emio_port_NN_rev4_but_after_rev5/webtalk\webtalk.jou
#-----------------------------------------------------------
source sdk_webtalk.tcl
# webtalk_init -webtalk_dir C:\\Users\\Chinook-ELE\\ZynqWorkspace\\SensTel2_emio_NNip\\nn_ip_addition\\rtos_emio_port_NN_rev4_but_after_rev5\\webtalk
# webtalk_register_client -client project
# webtalk_add_data -client project -key date_generated -value "2018-07-03 16:25:08" -context "software_version_and_target_device"
# webtalk_add_data -client project -key product_version -value "SDK v2017.4" -context "software_version_and_target_device"
# webtalk_add_data -client project -key build_version -value "2017.4" -context "software_version_and_target_device"
# webtalk_add_data -client project -key os_platform -value "amd64" -context "software_version_and_target_device"
# webtalk_add_data -client project -key registration_id -value "" -context "software_version_and_target_device"
# webtalk_add_data -client project -key tool_flow -value "SDK" -context "software_version_and_target_device"
# webtalk_add_data -client project -key beta -value "false" -context "software_version_and_target_device"
# webtalk_add_data -client project -key route_design -value "NA" -context "software_version_and_target_device"
# webtalk_add_data -client project -key target_family -value "NA" -context "software_version_and_target_device"
# webtalk_add_data -client project -key target_device -value "NA" -context "software_version_and_target_device"
# webtalk_add_data -client project -key target_package -value "NA" -context "software_version_and_target_device"
# webtalk_add_data -client project -key target_speed -value "NA" -context "software_version_and_target_device"
# webtalk_add_data -client project -key random_id -value "1ugkilm99r1ai2uopm90252kl9" -context "software_version_and_target_device"
# webtalk_add_data -client project -key project_id -value "2017.4_5" -context "software_version_and_target_device"
# webtalk_add_data -client project -key project_iteration -value "5" -context "software_version_and_target_device"
# webtalk_add_data -client project -key os_name -value "Microsoft Windows 8 or later , 64-bit" -context "user_environment"
# webtalk_add_data -client project -key os_release -value "major release  (build 9200)" -context "user_environment"
# webtalk_add_data -client project -key cpu_name -value "Intel(R) Core(TM) i5-7200U CPU @ 2.50GHz" -context "user_environment"
# webtalk_add_data -client project -key cpu_speed -value "2712 MHz" -context "user_environment"
# webtalk_add_data -client project -key total_processors -value "1" -context "user_environment"
# webtalk_add_data -client project -key system_ram -value "8.438 GB" -context "user_environment"
# webtalk_register_client -client sdk
# webtalk_add_data -client sdk -key uid -value "1530573930475" -context "sdk\\\\bsp/1530573930475"
# webtalk_add_data -client sdk -key hwid -value "1530299860208" -context "sdk\\\\bsp/1530573930475"
# webtalk_add_data -client sdk -key os -value "standalone" -context "sdk\\\\bsp/1530573930475"
# webtalk_add_data -client sdk -key apptemplate -value "zynq_fsbl" -context "sdk\\\\bsp/1530573930475"
# webtalk_add_data -client sdk -key RecordType -value "BSPCreation" -context "sdk\\\\bsp/1530573930475"
# webtalk_add_data -client sdk -key uid -value "1530573947385" -context "sdk\\\\application/1530573947385"
# webtalk_add_data -client sdk -key hwid -value "1530299860208" -context "sdk\\\\application/1530573947385"
# webtalk_add_data -client sdk -key bspid -value "1530573930475" -context "sdk\\\\application/1530573947385"
# webtalk_add_data -client sdk -key newbsp -value "true" -context "sdk\\\\application/1530573947385"
# webtalk_add_data -client sdk -key os -value "standalone" -context "sdk\\\\application/1530573947385"
# webtalk_add_data -client sdk -key apptemplate -value "zynq_fsbl" -context "sdk\\\\application/1530573947385"
# webtalk_add_data -client sdk -key RecordType -value "APPCreation" -context "sdk\\\\application/1530573947385"
# webtalk_add_data -client sdk -key LangUsed -value "C" -context "sdk\\\\application/1530573947385"
# webtalk_add_data -client sdk -key Procused -value "ps7_cortexa9" -context "sdk\\\\application/1530573947385"
# webtalk_add_data -client sdk -key uid -value "1530574056118" -context "sdk\\\\bsp/1530574056118"
# webtalk_add_data -client sdk -key hwid -value "1530299860208" -context "sdk\\\\bsp/1530574056118"
# webtalk_add_data -client sdk -key os -value "standalone" -context "sdk\\\\bsp/1530574056118"
# webtalk_add_data -client sdk -key apptemplate -value "zynq_fsbl" -context "sdk\\\\bsp/1530574056118"
# webtalk_add_data -client sdk -key RecordType -value "BSPCreation" -context "sdk\\\\bsp/1530574056118"
# webtalk_add_data -client sdk -key uid -value "1530574068381" -context "sdk\\\\application/1530574068381"
# webtalk_add_data -client sdk -key hwid -value "1530299860208" -context "sdk\\\\application/1530574068381"
# webtalk_add_data -client sdk -key bspid -value "1530574056118" -context "sdk\\\\application/1530574068381"
# webtalk_add_data -client sdk -key newbsp -value "true" -context "sdk\\\\application/1530574068381"
# webtalk_add_data -client sdk -key os -value "standalone" -context "sdk\\\\application/1530574068381"
# webtalk_add_data -client sdk -key apptemplate -value "zynq_fsbl" -context "sdk\\\\application/1530574068381"
# webtalk_add_data -client sdk -key RecordType -value "APPCreation" -context "sdk\\\\application/1530574068381"
# webtalk_add_data -client sdk -key LangUsed -value "C" -context "sdk\\\\application/1530574068381"
# webtalk_add_data -client sdk -key Procused -value "ps7_cortexa9" -context "sdk\\\\application/1530574068381"
# webtalk_add_data -client sdk -key projSize -value "344.109375" -context "sdk\\\\application/1530574068381"
# webtalk_add_data -client sdk -key uid -value "NA" -context "sdk\\\\bsp/1530649508084"
# webtalk_add_data -client sdk -key RecordType -value "ToolUsage" -context "sdk\\\\bsp/1530649508084"
# webtalk_add_data -client sdk -key BootgenCount -value "3" -context "sdk\\\\bsp/1530649508084"
# webtalk_add_data -client sdk -key DebugCount -value "75" -context "sdk\\\\bsp/1530649508084"
# webtalk_add_data -client sdk -key PerfCount -value "0" -context "sdk\\\\bsp/1530649508084"
# webtalk_add_data -client sdk -key FlashCount -value "31" -context "sdk\\\\bsp/1530649508084"
# webtalk_add_data -client sdk -key CrossTriggCount -value "0" -context "sdk\\\\bsp/1530649508084"
# webtalk_add_data -client sdk -key QemuDebugCount -value "0" -context "sdk\\\\bsp/1530649508084"
# webtalk_transmit -clientid 2958027310 -regid "" -xml C:\\Users\\Chinook-ELE\\ZynqWorkspace\\SensTel2_emio_NNip\\nn_ip_addition\\rtos_emio_port_NN_rev4_but_after_rev5\\webtalk\\usage_statistics_ext_sdk.xml -html C:\\Users\\Chinook-ELE\\ZynqWorkspace\\SensTel2_emio_NNip\\nn_ip_addition\\rtos_emio_port_NN_rev4_but_after_rev5\\webtalk\\usage_statistics_ext_sdk.html -wdm C:\\Users\\Chinook-ELE\\ZynqWorkspace\\SensTel2_emio_NNip\\nn_ip_addition\\rtos_emio_port_NN_rev4_but_after_rev5\\webtalk\\sdk_webtalk.wdm -intro "<H3>SDK Usage Report</H3><BR>"
# webtalk_terminate
INFO: [Common 17-206] Exiting Webtalk at Tue Jul  3 16:25:10 2018...
